Mon Mar 23 15:23:06 CST 2015  [debug] AvalonLogSystem initialized using logfile 'D:\Workspaces\.metadata\.plugins\com.genuitec.eclipse.templates\velocity.log'
Mon Mar 23 15:23:06 CST 2015   [info] ************************************************************** 
Mon Mar 23 15:23:06 CST 2015   [info] Starting Jakarta Velocity v1.4
Mon Mar 23 15:23:06 CST 2015   [info] RuntimeInstance initializing.
Mon Mar 23 15:23:06 CST 2015   [info] Default Properties File: org\apache\velocity\runtime\defaults\velocity.properties
Mon Mar 23 15:23:06 CST 2015   [info] Trying to use logger class org.apache.velocity.runtime.log.AvalonLogSystem
Mon Mar 23 15:23:06 CST 2015   [info] Using logger class org.apache.velocity.runtime.log.AvalonLogSystem
Mon Mar 23 15:23:06 CST 2015   [info] Default ResourceManager initializing. (class org.apache.velocity.runtime.resource.ResourceManagerImpl)
Mon Mar 23 15:23:06 CST 2015   [info] Resource Loader Instantiated: com.genuitec.eclipse.templates.internal.PluginResourceLoader
Mon Mar 23 15:23:06 CST 2015   [info] ResourceCache : initialized. (class org.apache.velocity.runtime.resource.ResourceCacheImpl)
Mon Mar 23 15:23:06 CST 2015   [info] Default ResourceManager initialization complete.
Mon Mar 23 15:23:06 CST 2015   [info] Loaded System Directive: org.apache.velocity.runtime.directive.Literal
Mon Mar 23 15:23:06 CST 2015   [info] Loaded System Directive: org.apache.velocity.runtime.directive.Macro
Mon Mar 23 15:23:06 CST 2015   [info] Loaded System Directive: org.apache.velocity.runtime.directive.Parse
Mon Mar 23 15:23:06 CST 2015   [info] Loaded System Directive: org.apache.velocity.runtime.directive.Include
Mon Mar 23 15:23:06 CST 2015   [info] Loaded System Directive: org.apache.velocity.runtime.directive.Foreach
Mon Mar 23 15:23:06 CST 2015   [info] Created: 20 parsers.
Mon Mar 23 15:23:06 CST 2015   [info] Velocimacro : initialization starting.
Mon Mar 23 15:23:06 CST 2015   [info] Velocimacro : adding VMs from VM library template : VM_global_library.vm
Mon Mar 23 15:23:06 CST 2015   [info] ResourceManager : found VM_global_library.vm with loader com.genuitec.eclipse.templates.internal.PluginResourceLoader
Mon Mar 23 15:23:06 CST 2015   [info] Velocimacro :  VM library template macro registration complete.
Mon Mar 23 15:23:06 CST 2015   [info] Velocimacro : allowInline = true : VMs can be defined inline in templates
Mon Mar 23 15:23:06 CST 2015   [info] Velocimacro : allowInlineToOverride = true : VMs defined inline may replace previous VM definitions
Mon Mar 23 15:23:06 CST 2015   [info] Velocimacro : allowInlineLocal = true : VMs defined inline will be local to their defining template only.
Mon Mar 23 15:23:06 CST 2015   [info] Velocimacro : messages on  : VM system will output logging messages
Mon Mar 23 15:23:06 CST 2015   [info] Velocimacro : autoload off  : VM system will not automatically reload global library macros
Mon Mar 23 15:23:06 CST 2015   [info] Velocimacro : initialization complete.
Mon Mar 23 15:23:06 CST 2015   [info] Velocity successfully started.
Mon Mar 23 15:23:06 CST 2015   [info] ResourceManager : found templates/web.xml.vm with loader com.genuitec.eclipse.templates.internal.PluginResourceLoader
Mon Mar 23 15:23:06 CST 2015   [info] ResourceManager : found /templates/velocity/welcome/Jsp.vtl with loader com.genuitec.eclipse.templates.internal.PluginResourceLoader
Mon Mar 23 15:26:43 CST 2015   [info] ResourceManager : found data/1.2/applicationContext-template-2.xml.vtl with loader com.genuitec.eclipse.templates.internal.PluginResourceLoader
Mon Mar 23 15:38:26 CST 2015   [info] ResourceManager : found templates/xml/Xml.vtl with loader com.genuitec.eclipse.templates.internal.PluginResourceLoader
Mon Mar 23 16:27:41 CST 2015   [info] ResourceManager : found templates/jsp/Jsp.vtl with loader com.genuitec.eclipse.templates.internal.PluginResourceLoader
Mon Mar 23 16:27:41 CST 2015   [info] ResourceManager : found templates/jsp/JSPMetaTags.vtl with loader com.genuitec.eclipse.templates.internal.PluginResourceLoader
